============================================================
  Generated by:           Genus(TM) Synthesis Solution 17.22-s017_1
  Generated on:           Mar 01 2024  10:48:12 am
  Module:                 coffee_making
  Technology libraries:   slow 
                          slow 
  Operating conditions:   slow (balanced_tree)
  Wireload mode:          enclosed
  Area mode:              timing library
============================================================

                               
   Gate    Instances    Area   Library 
---------------------------------------
AND2X1             7    31.790    slow 
AND2XL             3    13.624    slow 
AOI21X1            4    18.166    slow 
AOI21X2            4    33.304    slow 
AOI21XL            2     9.083    slow 
AOI22X1            2    12.110    slow 
CLKAND2X2          1     5.298    slow 
CLKAND2X4          1     9.840    slow 
CLKAND2X6          1    15.138    slow 
CLKAND2X8          1    17.409    slow 
CLKBUFX2           1     4.541    slow 
CLKINVX1           9    20.436    slow 
CLKINVX2           7    26.491    slow 
CLKINVX4           1     6.055    slow 
CLKINVX6           2    13.624    slow 
CLKINVX8           2    18.166    slow 
DFFRHQX1           2    40.873    slow 
DFFRHQX4           2    51.469    slow 
DFFRX2            35   794.745    slow 
INVX1              5    11.354    slow 
INVX3              1     4.541    slow 
INVX4              1     6.055    slow 
INVX6              1     6.812    slow 
INVX8              2    18.166    slow 
INVXL              5    11.354    slow 
MXI2XL             3    18.166    slow 
NAND2BX1           3    13.624    slow 
NAND2BX2           1     6.812    slow 
NAND2BXL           2     9.083    slow 
NAND2X1            4    15.138    slow 
NAND2X2           10    60.552    slow 
NAND2X4            4    39.359    slow 
NAND2X6            2    28.762    slow 
NAND2X8            1    16.652    slow 
NAND2XL           86   260.374    slow 
NAND3BX1           6    36.331    slow 
NAND3X1           10    45.414    slow 
NAND3XL            1     4.541    slow 
NAND4BXL           1     6.812    slow 
NAND4X1            2    12.110    slow 
NAND4XL            7    37.088    slow 
NOR2BX1            6    27.248    slow 
NOR2BX2            1     6.812    slow 
NOR2BXL            1     4.541    slow 
NOR2X1             9    34.060    slow 
NOR2X2             6    36.331    slow 
NOR2X4             7    68.878    slow 
NOR2X6             2    25.735    slow 
NOR2X8             1    16.652    slow 
NOR2XL            24    72.662    slow 
NOR3BX1            1     6.055    slow 
NOR3X1             5    22.707    slow 
NOR3X4             1    15.895    slow 
NOR4BX1            1     6.812    slow 
OA21X1             1     6.812    slow 
OA21XL             1     6.812    slow 
OA22X1             1     7.569    slow 
OAI211X1           4    21.193    slow 
OAI211XL           1     5.298    slow 
OAI21X1           20    90.828    slow 
OAI21X4            1    14.381    slow 
OAI21XL           10    45.414    slow 
OAI22X2            1     9.840    slow 
OAI2BB1X1          3    15.895    slow 
OAI2BB1XL         31   164.247    slow 
OAI31X1            1     6.055    slow 
SDFFRX2            3    86.287    slow 
XOR2XL             6    49.955    slow 
---------------------------------------
total            394  2686.238         


                                         
     Type      Instances   Area   Area % 
-----------------------------------------
sequential            42  973.373   36.2 
inverter              36  143.054    5.3 
buffer                 1    4.541    0.2 
logic                315 1565.269   58.3 
physical_cells         0    0.000    0.0 
-----------------------------------------
total                394 2686.238  100.0 

